{"C:\\Users\\Klaudia\\Projects\\user-table-react\\src\\App.tsx": {"path":"C:\\Users\\Klaudia\\Projects\\user-table-react\\src\\App.tsx","statementMap":{"0":{"start":{"line":8,"column":21},"end":{"line":15,"column":1}},"1":{"start":{"line":18,"column":38},"end":{"line":18,"column":54}},"2":{"start":{"line":19,"column":4},"end":{"line":36,"column":4}}},"fnMap":{"0":{"name":"App","decl":{"start":{"line":17,"column":9},"end":{"line":17,"column":12}},"loc":{"start":{"line":17,"column":15},"end":{"line":37,"column":1}},"line":17}},"branchMap":{"0":{"loc":{"start":{"line":24,"column":7},"end":{"line":28,"column":9}},"type":"binary-expr","locations":[{"start":{"line":24,"column":7},"end":{"line":24,"column":18}},{"start":{"line":25,"column":10},"end":{"line":27,"column":14}}],"line":24},"1":{"loc":{"start":{"line":29,"column":11},"end":{"line":33,"column":9}},"type":"binary-expr","locations":[{"start":{"line":29,"column":11},"end":{"line":29,"column":18}},{"start":{"line":30,"column":10},"end":{"line":32,"column":14}}],"line":29}},"s":{"0":1,"1":3,"2":3},"f":{"0":3},"b":{"0":[3,1],"1":[3,1]},"_coverageSchema":"1a1c01bbd47fc00a2c39e90264f33305004495a9","hash":"2a8dd7de486915531c9e9df8e1db53a2c29723f2"}
,"C:\\Users\\Klaudia\\Projects\\user-table-react\\src\\hooks.ts": {"path":"C:\\Users\\Klaudia\\Projects\\user-table-react\\src\\hooks.ts","statementMap":{"0":{"start":{"line":10,"column":37},"end":{"line":14,"column":1}},"1":{"start":{"line":33,"column":4},"end":{"line":33,"column":24}},"2":{"start":{"line":34,"column":4},"end":{"line":53,"column":5}},"3":{"start":{"line":36,"column":12},"end":{"line":39,"column":13}},"4":{"start":{"line":41,"column":12},"end":{"line":44,"column":13}},"5":{"start":{"line":46,"column":12},"end":{"line":50,"column":13}},"6":{"start":{"line":52,"column":12},"end":{"line":52,"column":25}},"7":{"start":{"line":57,"column":34},"end":{"line":57,"column":75}},"8":{"start":{"line":59,"column":4},"end":{"line":74,"column":9}},"9":{"start":{"line":60,"column":8},"end":{"line":60,"column":38}},"10":{"start":{"line":61,"column":8},"end":{"line":61,"column":31}},"11":{"start":{"line":62,"column":8},"end":{"line":73,"column":10}},"12":{"start":{"line":64,"column":12},"end":{"line":68,"column":13}},"13":{"start":{"line":65,"column":29},"end":{"line":65,"column":50}},"14":{"start":{"line":66,"column":16},"end":{"line":66,"column":63}},"15":{"start":{"line":67,"column":16},"end":{"line":67,"column":22}},"16":{"start":{"line":69,"column":12},"end":{"line":69,"column":52}},"17":{"start":{"line":72,"column":12},"end":{"line":72,"column":60}},"18":{"start":{"line":76,"column":4},"end":{"line":76,"column":21}}},"fnMap":{"0":{"name":"userReducer","decl":{"start":{"line":32,"column":16},"end":{"line":32,"column":27}},"loc":{"start":{"line":32,"column":66},"end":{"line":54,"column":1}},"line":32},"1":{"name":"useFetchUsers2","decl":{"start":{"line":56,"column":16},"end":{"line":56,"column":30}},"loc":{"start":{"line":56,"column":44},"end":{"line":77,"column":1}},"line":56},"2":{"name":"(anonymous_2)","decl":{"start":{"line":59,"column":14},"end":{"line":59,"column":15}},"loc":{"start":{"line":59,"column":18},"end":{"line":74,"column":5}},"line":59},"3":{"name":"(anonymous_3)","decl":{"start":{"line":63,"column":14},"end":{"line":63,"column":15}},"loc":{"start":{"line":63,"column":32},"end":{"line":70,"column":9}},"line":63},"4":{"name":"(anonymous_4)","decl":{"start":{"line":71,"column":15},"end":{"line":71,"column":16}},"loc":{"start":{"line":71,"column":24},"end":{"line":73,"column":9}},"line":71}},"branchMap":{"0":{"loc":{"start":{"line":34,"column":4},"end":{"line":53,"column":5}},"type":"switch","locations":[{"start":{"line":35,"column":8},"end":{"line":39,"column":13}},{"start":{"line":40,"column":8},"end":{"line":44,"column":13}},{"start":{"line":45,"column":8},"end":{"line":50,"column":13}},{"start":{"line":51,"column":8},"end":{"line":52,"column":25}}],"line":34},"1":{"loc":{"start":{"line":64,"column":12},"end":{"line":68,"column":13}},"type":"if","locations":[{"start":{"line":64,"column":12},"end":{"line":68,"column":13}},{"start":{},"end":{}}],"line":64}},"s":{"0":2,"1":9,"2":9,"3":4,"4":2,"5":2,"6":1,"7":8,"8":8,"9":3,"10":3,"11":3,"12":2,"13":1,"14":1,"15":1,"16":1,"17":2,"18":8},"f":{"0":9,"1":8,"2":3,"3":2,"4":2},"b":{"0":[4,2,2,1],"1":[1,1]},"_coverageSchema":"1a1c01bbd47fc00a2c39e90264f33305004495a9","hash":"63486fbfdcc93fe341317c771393a89ff0ba64a4"}
,"C:\\Users\\Klaudia\\Projects\\user-table-react\\src\\index.tsx": {"path":"C:\\Users\\Klaudia\\Projects\\user-table-react\\src\\index.tsx","statementMap":{"0":{"start":{"line":7,"column":13},"end":{"line":9,"column":1}},"1":{"start":{"line":10,"column":0},"end":{"line":12,"column":2}},"2":{"start":{"line":17,"column":0},"end":{"line":17,"column":18}}},"fnMap":{},"branchMap":{},"s":{"0":0,"1":0,"2":0},"f":{},"b":{}}
,"C:\\Users\\Klaudia\\Projects\\user-table-react\\src\\reportWebVitals.ts": {"path":"C:\\Users\\Klaudia\\Projects\\user-table-react\\src\\reportWebVitals.ts","statementMap":{"0":{"start":{"line":3,"column":24},"end":{"line":13,"column":1}},"1":{"start":{"line":4,"column":2},"end":{"line":12,"column":3}},"2":{"start":{"line":5,"column":4},"end":{"line":11,"column":7}},"3":{"start":{"line":6,"column":6},"end":{"line":6,"column":26}},"4":{"start":{"line":7,"column":6},"end":{"line":7,"column":26}},"5":{"start":{"line":8,"column":6},"end":{"line":8,"column":26}},"6":{"start":{"line":9,"column":6},"end":{"line":9,"column":26}},"7":{"start":{"line":10,"column":6},"end":{"line":10,"column":27}}},"fnMap":{"0":{"name":"(anonymous_0)","decl":{"start":{"line":3,"column":24},"end":{"line":3,"column":25}},"loc":{"start":{"line":3,"column":57},"end":{"line":13,"column":1}},"line":3},"1":{"name":"(anonymous_1)","decl":{"start":{"line":5,"column":30},"end":{"line":5,"column":31}},"loc":{"start":{"line":5,"column":79},"end":{"line":11,"column":5}},"line":5}},"branchMap":{"0":{"loc":{"start":{"line":4,"column":2},"end":{"line":12,"column":3}},"type":"if","locations":[{"start":{"line":4,"column":2},"end":{"line":12,"column":3}},{"start":{},"end":{}}],"line":4},"1":{"loc":{"start":{"line":4,"column":6},"end":{"line":4,"column":52}},"type":"binary-expr","locations":[{"start":{"line":4,"column":6},"end":{"line":4,"column":17}},{"start":{"line":4,"column":21},"end":{"line":4,"column":52}}],"line":4}},"s":{"0":0,"1":0,"2":0,"3":0,"4":0,"5":0,"6":0,"7":0},"f":{"0":0,"1":0},"b":{"0":[0,0],"1":[0,0]}}
,"C:\\Users\\Klaudia\\Projects\\user-table-react\\src\\testHelper.ts": {"path":"C:\\Users\\Klaudia\\Projects\\user-table-react\\src\\testHelper.ts","statementMap":{"0":{"start":{"line":10,"column":35},"end":{"line":14,"column":3}},"1":{"start":{"line":16,"column":26},"end":{"line":35,"column":3}},"2":{"start":{"line":37,"column":37},"end":{"line":58,"column":3}}},"fnMap":{},"branchMap":{},"s":{"0":2,"1":2,"2":2},"f":{},"b":{},"_coverageSchema":"1a1c01bbd47fc00a2c39e90264f33305004495a9","hash":"85680a0967a586d8e35f07bb25dd4dca9b314cab"}
,"C:\\Users\\Klaudia\\Projects\\user-table-react\\src\\types.ts": {"path":"C:\\Users\\Klaudia\\Projects\\user-table-react\\src\\types.ts","statementMap":{},"fnMap":{},"branchMap":{},"s":{},"f":{},"b":{}}
,"C:\\Users\\Klaudia\\Projects\\user-table-react\\src\\components\\ButtonValue\\ButtonValue.tsx": {"path":"C:\\Users\\Klaudia\\Projects\\user-table-react\\src\\components\\ButtonValue\\ButtonValue.tsx","statementMap":{"0":{"start":{"line":11,"column":8},"end":{"line":11,"column":20}},"1":{"start":{"line":12,"column":4},"end":{"line":12,"column":28}},"2":{"start":{"line":13,"column":8},"end":{"line":21,"column":11}},"3":{"start":{"line":16,"column":16},"end":{"line":16,"column":35}},"4":{"start":{"line":19,"column":16},"end":{"line":19,"column":35}}},"fnMap":{"0":{"name":"ButtonValue","decl":{"start":{"line":6,"column":24},"end":{"line":6,"column":35}},"loc":{"start":{"line":6,"column":37},"end":{"line":22,"column":1}},"line":6},"1":{"name":"(anonymous_1)","decl":{"start":{"line":15,"column":29},"end":{"line":15,"column":30}},"loc":{"start":{"line":15,"column":33},"end":{"line":17,"column":13}},"line":15},"2":{"name":"(anonymous_2)","decl":{"start":{"line":18,"column":29},"end":{"line":18,"column":30}},"loc":{"start":{"line":18,"column":33},"end":{"line":20,"column":13}},"line":18}},"branchMap":{},"s":{"0":8,"1":8,"2":8,"3":1,"4":1},"f":{"0":8,"1":1,"2":1},"b":{},"_coverageSchema":"1a1c01bbd47fc00a2c39e90264f33305004495a9","hash":"ed074da7c3b7bceca3e659c3b6f5d0291863f8f1"}
,"C:\\Users\\Klaudia\\Projects\\user-table-react\\src\\components\\ButtonValue\\hooks.ts": {"path":"C:\\Users\\Klaudia\\Projects\\user-table-react\\src\\components\\ButtonValue\\hooks.ts","statementMap":{"0":{"start":{"line":4,"column":39},"end":{"line":4,"column":58}},"1":{"start":{"line":7,"column":8},"end":{"line":7,"column":35}},"2":{"start":{"line":10,"column":8},"end":{"line":10,"column":35}},"3":{"start":{"line":13,"column":4},"end":{"line":17,"column":5}}},"fnMap":{"0":{"name":"useCounter","decl":{"start":{"line":3,"column":16},"end":{"line":3,"column":26}},"loc":{"start":{"line":3,"column":28},"end":{"line":18,"column":1}},"line":3},"1":{"name":"incrementCounter","decl":{"start":{"line":6,"column":13},"end":{"line":6,"column":29}},"loc":{"start":{"line":6,"column":31},"end":{"line":8,"column":5}},"line":6},"2":{"name":"decrementCounter","decl":{"start":{"line":9,"column":13},"end":{"line":9,"column":29}},"loc":{"start":{"line":9,"column":31},"end":{"line":11,"column":5}},"line":9}},"branchMap":{},"s":{"0":8,"1":1,"2":1,"3":8},"f":{"0":8,"1":1,"2":1},"b":{},"_coverageSchema":"1a1c01bbd47fc00a2c39e90264f33305004495a9","hash":"c5d6e0fe46f9e3275eb33b8b24cf66377e186990"}
,"C:\\Users\\Klaudia\\Projects\\user-table-react\\src\\components\\ButtonValue\\index.tsx": {"path":"C:\\Users\\Klaudia\\Projects\\user-table-react\\src\\components\\ButtonValue\\index.tsx","statementMap":{},"fnMap":{},"branchMap":{},"s":{},"f":{},"b":{},"_coverageSchema":"1a1c01bbd47fc00a2c39e90264f33305004495a9","hash":"b07035a5d6113ddd24dd85c286744ffbf7759617"}
,"C:\\Users\\Klaudia\\Projects\\user-table-react\\src\\components\\DataTable\\DataTable.tsx": {"path":"C:\\Users\\Klaudia\\Projects\\user-table-react\\src\\components\\DataTable\\DataTable.tsx","statementMap":{"0":{"start":{"line":11,"column":2},"end":{"line":31,"column":4}},"1":{"start":{"line":15,"column":43},"end":{"line":15,"column":99}},"2":{"start":{"line":20,"column":10},"end":{"line":27,"column":15}}},"fnMap":{"0":{"name":"DataTable","decl":{"start":{"line":10,"column":24},"end":{"line":10,"column":33}},"loc":{"start":{"line":10,"column":56},"end":{"line":32,"column":1}},"line":10},"1":{"name":"(anonymous_1)","decl":{"start":{"line":15,"column":29},"end":{"line":15,"column":30}},"loc":{"start":{"line":15,"column":43},"end":{"line":15,"column":99}},"line":15},"2":{"name":"(anonymous_2)","decl":{"start":{"line":19,"column":25},"end":{"line":19,"column":26}},"loc":{"start":{"line":20,"column":10},"end":{"line":27,"column":15}},"line":20}},"branchMap":{},"s":{"0":5,"1":24,"2":3},"f":{"0":5,"1":24,"2":3},"b":{},"_coverageSchema":"1a1c01bbd47fc00a2c39e90264f33305004495a9","hash":"989dfaf5f58c58fcf7a2be200388abfa013e49a9"}
,"C:\\Users\\Klaudia\\Projects\\user-table-react\\src\\components\\DataTable\\index.tsx": {"path":"C:\\Users\\Klaudia\\Projects\\user-table-react\\src\\components\\DataTable\\index.tsx","statementMap":{},"fnMap":{},"branchMap":{},"s":{},"f":{},"b":{},"_coverageSchema":"1a1c01bbd47fc00a2c39e90264f33305004495a9","hash":"6d4e02f54d77a8ce98682f48434818a12986136c"}
,"C:\\Users\\Klaudia\\Projects\\user-table-react\\src\\components\\TableCell\\TableCell.tsx": {"path":"C:\\Users\\Klaudia\\Projects\\user-table-react\\src\\components\\TableCell\\TableCell.tsx","statementMap":{"0":{"start":{"line":8,"column":4},"end":{"line":8,"column":32}}},"fnMap":{"0":{"name":"TableCell","decl":{"start":{"line":7,"column":24},"end":{"line":7,"column":33}},"loc":{"start":{"line":7,"column":56},"end":{"line":9,"column":1}},"line":7}},"branchMap":{},"s":{"0":18},"f":{"0":18},"b":{},"_coverageSchema":"1a1c01bbd47fc00a2c39e90264f33305004495a9","hash":"37fb377e6a6c350269aab49f709c3afb8d636e1e"}
,"C:\\Users\\Klaudia\\Projects\\user-table-react\\src\\components\\TableCell\\index.tsx": {"path":"C:\\Users\\Klaudia\\Projects\\user-table-react\\src\\components\\TableCell\\index.tsx","statementMap":{},"fnMap":{},"branchMap":{},"s":{},"f":{},"b":{},"_coverageSchema":"1a1c01bbd47fc00a2c39e90264f33305004495a9","hash":"7e2a56bb4d51345f722b2997a960c6057809c00a"}
,"C:\\Users\\Klaudia\\Projects\\user-table-react\\src\\components\\TableHeader\\TableHeader.tsx": {"path":"C:\\Users\\Klaudia\\Projects\\user-table-react\\src\\components\\TableHeader\\TableHeader.tsx","statementMap":{"0":{"start":{"line":8,"column":4},"end":{"line":8,"column":38}}},"fnMap":{"0":{"name":"TableHeader","decl":{"start":{"line":7,"column":24},"end":{"line":7,"column":35}},"loc":{"start":{"line":7,"column":60},"end":{"line":9,"column":1}},"line":7}},"branchMap":{},"s":{"0":24},"f":{"0":24},"b":{},"_coverageSchema":"1a1c01bbd47fc00a2c39e90264f33305004495a9","hash":"d5fe42b6cc3797b895c41752895db4d8c608e2d7"}
,"C:\\Users\\Klaudia\\Projects\\user-table-react\\src\\components\\TableHeader\\index.tsx": {"path":"C:\\Users\\Klaudia\\Projects\\user-table-react\\src\\components\\TableHeader\\index.tsx","statementMap":{},"fnMap":{},"branchMap":{},"s":{},"f":{},"b":{},"_coverageSchema":"1a1c01bbd47fc00a2c39e90264f33305004495a9","hash":"a1e0d905c66b71edbdacd3ee84a4f9b9791f1b45"}
}
