TN:
SF:src\App.tsx
FN:17,App
FNF:1
FNH:1
FNDA:3,App
DA:8,1
DA:18,3
DA:19,3
LF:3
LH:3
BRDA:24,0,0,3
BRDA:24,0,1,1
BRDA:29,1,0,3
BRDA:29,1,1,1
BRF:4
BRH:4
end_of_record
TN:
SF:src\hooks.ts
FN:32,userReducer
FN:56,useFetchUsers2
FN:59,(anonymous_2)
FN:63,(anonymous_3)
FN:71,(anonymous_4)
FNF:5
FNH:5
FNDA:9,userReducer
FNDA:8,useFetchUsers2
FNDA:3,(anonymous_2)
FNDA:2,(anonymous_3)
FNDA:2,(anonymous_4)
DA:10,2
DA:33,9
DA:34,9
DA:36,4
DA:41,2
DA:46,2
DA:52,1
DA:57,8
DA:59,8
DA:60,3
DA:61,3
DA:62,3
DA:64,2
DA:65,1
DA:66,1
DA:67,1
DA:69,1
DA:72,2
DA:76,8
LF:19
LH:19
BRDA:34,0,0,4
BRDA:34,0,1,2
BRDA:34,0,2,2
BRDA:34,0,3,1
BRDA:64,1,0,1
BRDA:64,1,1,1
BRF:6
BRH:6
end_of_record
TN:
SF:src\index.tsx
FNF:0
FNH:0
DA:7,0
DA:10,0
DA:17,0
LF:3
LH:0
BRF:0
BRH:0
end_of_record
TN:
SF:src\reportWebVitals.ts
FN:3,(anonymous_0)
FN:5,(anonymous_1)
FNF:2
FNH:0
FNDA:0,(anonymous_0)
FNDA:0,(anonymous_1)
DA:3,0
DA:4,0
DA:5,0
DA:6,0
DA:7,0
DA:8,0
DA:9,0
DA:10,0
LF:8
LH:0
BRDA:4,0,0,0
BRDA:4,0,1,0
BRDA:4,1,0,0
BRDA:4,1,1,0
BRF:4
BRH:0
end_of_record
TN:
SF:src\testHelper.ts
FNF:0
FNH:0
DA:10,2
DA:16,2
DA:37,2
LF:3
LH:3
BRF:0
BRH:0
end_of_record
TN:
SF:src\types.ts
FNF:0
FNH:0
LF:0
LH:0
BRF:0
BRH:0
end_of_record
TN:
SF:src\components\ButtonValue\ButtonValue.tsx
FN:6,ButtonValue
FN:15,(anonymous_1)
FN:18,(anonymous_2)
FNF:3
FNH:3
FNDA:8,ButtonValue
FNDA:1,(anonymous_1)
FNDA:1,(anonymous_2)
DA:11,8
DA:12,8
DA:13,8
DA:16,1
DA:19,1
LF:5
LH:5
BRF:0
BRH:0
end_of_record
TN:
SF:src\components\ButtonValue\hooks.ts
FN:3,useCounter
FN:6,incrementCounter
FN:9,decrementCounter
FNF:3
FNH:3
FNDA:8,useCounter
FNDA:1,incrementCounter
FNDA:1,decrementCounter
DA:4,8
DA:7,1
DA:10,1
DA:13,8
LF:4
LH:4
BRF:0
BRH:0
end_of_record
TN:
SF:src\components\ButtonValue\index.tsx
FNF:0
FNH:0
LF:0
LH:0
BRF:0
BRH:0
end_of_record
TN:
SF:src\components\DataTable\DataTable.tsx
FN:10,DataTable
FN:15,(anonymous_1)
FN:19,(anonymous_2)
FNF:3
FNH:3
FNDA:5,DataTable
FNDA:24,(anonymous_1)
FNDA:3,(anonymous_2)
DA:11,5
DA:15,24
DA:20,3
LF:3
LH:3
BRF:0
BRH:0
end_of_record
TN:
SF:src\components\DataTable\index.tsx
FNF:0
FNH:0
LF:0
LH:0
BRF:0
BRH:0
end_of_record
TN:
SF:src\components\TableCell\TableCell.tsx
FN:7,TableCell
FNF:1
FNH:1
FNDA:18,TableCell
DA:8,18
LF:1
LH:1
BRF:0
BRH:0
end_of_record
TN:
SF:src\components\TableCell\index.tsx
FNF:0
FNH:0
LF:0
LH:0
BRF:0
BRH:0
end_of_record
TN:
SF:src\components\TableHeader\TableHeader.tsx
FN:7,TableHeader
FNF:1
FNH:1
FNDA:24,TableHeader
DA:8,24
LF:1
LH:1
BRF:0
BRH:0
end_of_record
TN:
SF:src\components\TableHeader\index.tsx
FNF:0
FNH:0
LF:0
LH:0
BRF:0
BRH:0
end_of_record
